PID 61757 received SIGSEGV for address: 0x0
0   segfault-handler.node               0x0000000111e79354 _ZL16segfault_handleriP9__siginfoPv + 288
1   libsystem_platform.dylib            0x00000001970742a4 _sigtramp + 56
2   node                                0x0000000104b34a8c _ZN4node6loaderL23ImportModuleDynamicallyEN2v85LocalINS1_7ContextEEENS2_INS1_4DataEEENS2_INS1_5ValueEEENS2_INS1_6StringEEENS2_INS1_10FixedArrayEEE + 232
3   node                                0x0000000104e0a594 _ZN2v88internal7Isolate38RunHostImportModuleDynamicallyCallbackENS0_6HandleINS0_6ScriptEEENS2_INS0_6ObjectEEENS0_11MaybeHandleIS5_EE + 848
4   node                                0x00000001051dc2d4 _ZN2v88internal25Runtime_DynamicImportCallEiPmPNS0_7IsolateE + 272
5   node                                0x00000001055212c4 Builtins_CEntry_Return1_DontSaveFPRegs_ArgvInRegister_NoBuiltinExit + 100
6   node                                0x00000001055b61bc Builtins_CallRuntimeHandler + 92
7   node                                0x00000001054ac198 Builtins_InterpreterEntryTrampoline + 248
8   node                                0x00000001054ac198 Builtins_InterpreterEntryTrampoline + 248
9   node                                0x00000001054ac198 Builtins_InterpreterEntryTrampoline + 248
10  node                                0x00000001054ac198 Builtins_InterpreterEntryTrampoline + 248
11  node                                0x000000010556ab88 Builtins_PromiseConstructor + 2312
12  node                                0x00000001054a9914 Builtins_JSBuiltinsConstructStub + 340
13  node                                0x00000001055b6b98 Builtins_ConstructHandler + 664
14  node                                0x00000001054ac198 Builtins_InterpreterEntryTrampoline + 248
15  node                                0x00000001054ac198 Builtins_InterpreterEntryTrampoline + 248
16  node                                0x00000001054ddef4 Builtins_AsyncFunctionAwaitResolveClosure + 84
17  node                                0x000000010556c738 Builtins_PromiseFulfillReactionJob + 56
18  node                                0x00000001054cfc4c Builtins_RunMicrotasks + 588
19  node                                0x00000001054aa3a4 Builtins_JSRunMicrotasksEntry + 164
20  node                                0x0000000104df010c _ZN2v88internal12_GLOBAL__N_16InvokeEPNS0_7IsolateERKNS1_12InvokeParamsE + 2692
21  node                                0x0000000104df05fc _ZN2v88internal12_GLOBAL__N_118InvokeWithTryCatchEPNS0_7IsolateERKNS1_12InvokeParamsE + 88
22  node                                0x0000000104df07d8 _ZN2v88internal9Execution16TryRunMicrotasksEPNS0_7IsolateEPNS0_14MicrotaskQueueEPNS0_11MaybeHandleINS0_6ObjectEEE + 64
23  node                                0x0000000104e16f24 _ZN2v88internal14MicrotaskQueue13RunMicrotasksEPNS0_7IsolateE + 336
24  node                                0x0000000104e177bc _ZN2v88internal14MicrotaskQueue17PerformCheckpointEPNS_7IsolateE + 124
25  node                                0x0000000104d342fc _ZN2v88internal25FunctionCallbackArguments4CallENS0_15CallHandlerInfoE + 220
26  node                                0x0000000104d33df8 _ZN2v88internal12_GLOBAL__N_119HandleApiCallHelperILb0EEENS0_11MaybeHandleINS0_6ObjectEEEPNS0_7IsolateENS0_6HandleINS0_10HeapObjectEEESA_NS8_INS0_20FunctionTemplateInfoEEENS8_IS4_EENS0_16BuiltinArgumentsE + 464
27  node                                0x0000000104d33624 _ZN2v88internal21Builtin_HandleApiCallEiPmPNS0_7IsolateE + 228
28  node                                0x000000010552118c Builtins_CEntry_Return1_DontSaveFPRegs_ArgvOnStack_BuiltinExit + 108
29  ???                                 0x0000000109fc8888 0x0 + 4462512264
30  node                                0x00000001054aa4d0 Builtins_JSEntryTrampoline + 176
31  node                                0x00000001054aa164 Builtins_JSEntry + 164
